生成启动时间为 2017-4-24 8:40:27。
     1>项目“F:\Teach\VC\PINGBAO\myPaopao\myPaopao.vcxproj”在节点 2 上(build 个目标)。
       项目文件包含 ToolsVersion="12.0" 设置，而此版本的 MSBuild 不支持该工具版本。该项目将视为包含 ToolsVersion="4.0" 设置。
     1>InitializeBuildStatus:
         正在创建“.\Debug\myPaopao.unsuccessfulbuild”，因为已指定“AlwaysCreate”。
       ClCompile:
         所有输出均为最新。
         F:\Program Files\Microsoft Visual Studio 10.0\VC\bin\CL.exe /c /ZI /nologo /W3 /WX- /Od /Oy- /D WIN32 /D _DEBUG /D _WINDOWS /D _VC80_UPGRADE=0x0600 /D _UNICODE /D UNICODE /D _AFXDLL /Gm /EHsc /RTC1 /MDd /GS /Gy- /fp:precise /Zc:wchar_t /Zc:forScope /Yu"stdafx.h" /Fp".\Debug\myPaopao.pch" /Fo".\Debug\\" /Fd".\Debug\vc100.pdb" /FR".\Debug\\" /Gd /TP /analyze- /errorReport:prompt Paopao.cpp
         Paopao.cpp
     1>f:\teach\vc\pingbao\mypaopao\paopao.cpp(119): warning C4244: “初始化”: 从“float”转换到“long”，可能丢失数据
     1>f:\teach\vc\pingbao\mypaopao\paopao.cpp(120): warning C4244: “初始化”: 从“float”转换到“long”，可能丢失数据
     1>f:\teach\vc\pingbao\mypaopao\paopao.cpp(125): warning C4305: “+=”: 从“double”到“float”截断
     1>f:\teach\vc\pingbao\mypaopao\paopao.cpp(127): warning C4305: “-=”: 从“double”到“float”截断
     1>f:\teach\vc\pingbao\mypaopao\paopao.cpp(147): warning C4244: “初始化”: 从“float”转换到“long”，可能丢失数据
     1>f:\teach\vc\pingbao\mypaopao\paopao.cpp(148): warning C4244: “初始化”: 从“float”转换到“long”，可能丢失数据
     1>f:\teach\vc\pingbao\mypaopao\paopao.cpp(151): warning C4305: “+=”: 从“double”到“float”截断
     1>f:\teach\vc\pingbao\mypaopao\paopao.cpp(156): warning C4244: “return”: 从“double”转换到“float”，可能丢失数据
     1>f:\teach\vc\pingbao\mypaopao\paopao.cpp(165): warning C4244: “初始化”: 从“double”转换到“float”，可能丢失数据
     1>f:\teach\vc\pingbao\mypaopao\paopao.cpp(168): warning C4244: “=”: 从“double”转换到“float”，可能丢失数据
       ResourceCompile:
         所有输出均为最新。
       ManifestResourceCompile:
         所有输出均为最新。
       Link:
         F:\Program Files\Microsoft Visual Studio 10.0\VC\bin\link.exe /ERRORREPORT:PROMPT /OUT:".\Debug\myPaopao.exe" /INCREMENTAL /NOLOGO /MANIFEST /ManifestFile:".\Debug\myPaopao.exe.intermediate.manifest" /MANIFESTUAC:"level='asInvoker' uiAccess='false'" /DEBUG /PDB:"F:\Teach\VC\PINGBAO\myPaopao\Debug\myPaopao.pdb" /SUBSYSTEM:WINDOWS /TLBID:1 /ENTRY:"wWinMainCRTStartup" /DYNAMICBASE /NXCOMPAT /IMPLIB:".\Debug\myPaopao.lib" /MACHINE:X86 .\Debug\myPaopao.res
         .\Debug\myPaopao.exe.embed.manifest.res
         .\Debug\myPaopao.obj
         .\Debug\myPaopaoDlg.obj
         .\Debug\Paopao.obj
         .\Debug\StdAfx.obj
       Manifest:
         C:\Program Files\Microsoft SDKs\Windows\v7.0A\bin\mt.exe /nologo /verbose /out:".\Debug\myPaopao.exe.embed.manifest" /manifest .\Debug\myPaopao.exe.intermediate.manifest "F:\Program Files\Microsoft Visual Studio 10.0\VC\Include\Manifest\dpiaware.manifest"
         所有输出均为最新。
       LinkEmbedManifest:
         所有输出均为最新。
         myPaopao.vcxproj -> F:\Teach\VC\PINGBAO\myPaopao\.\Debug\myPaopao.exe
       BscMake:
         所有输出均为最新。
       FinalizeBuildStatus:
         正在删除文件“.\Debug\myPaopao.unsuccessfulbuild”。
         正在对“.\Debug\myPaopao.lastbuildstate”执行 Touch 任务。
     1>已完成生成项目“F:\Teach\VC\PINGBAO\myPaopao\myPaopao.vcxproj”(build 个目标)的操作。

生成成功。

已用时间 00:00:01.34
